e:\sourcecode\c\c_lecture_nado_solution\c_lecture_nado\debug\vc142.pdb
e:\sourcecode\c\c_lecture_nado_solution\c_lecture_nado\debug\vc142.idb
e:\sourcecode\c\c_lecture_nado_solution\c_lecture_nado\debug\helloworld.obj
e:\sourcecode\c\c_lecture_nado_solution\c_lecture_nado\debug\printfscanf.obj
e:\sourcecode\c\c_lecture_nado_solution\debug\c_lecture_nado.pdb
e:\sourcecode\c\c_lecture_nado_solution\c_lecture_nado\debug\c_lecture_nado.tlog\cl.command.1.tlog
e:\sourcecode\c\c_lecture_nado_solution\c_lecture_nado\debug\c_lecture_nado.tlog\cl.read.1.tlog
e:\sourcecode\c\c_lecture_nado_solution\c_lecture_nado\debug\c_lecture_nado.tlog\cl.write.1.tlog
e:\sourcecode\c\c_lecture_nado_solution\c_lecture_nado\debug\c_lecture_nado.tlog\link-cvtres.read.1.tlog
e:\sourcecode\c\c_lecture_nado_solution\c_lecture_nado\debug\c_lecture_nado.tlog\link-cvtres.write.1.tlog
e:\sourcecode\c\c_lecture_nado_solution\c_lecture_nado\debug\c_lecture_nado.tlog\link-rc.read.1.tlog
e:\sourcecode\c\c_lecture_nado_solution\c_lecture_nado\debug\c_lecture_nado.tlog\link-rc.write.1.tlog
e:\sourcecode\c\c_lecture_nado_solution\c_lecture_nado\debug\c_lecture_nado.tlog\link.7032-cvtres.read.1.tlog
e:\sourcecode\c\c_lecture_nado_solution\c_lecture_nado\debug\c_lecture_nado.tlog\link.7032-cvtres.write.1.tlog
e:\sourcecode\c\c_lecture_nado_solution\c_lecture_nado\debug\c_lecture_nado.tlog\link.7032-rc.read.1.tlog
e:\sourcecode\c\c_lecture_nado_solution\c_lecture_nado\debug\c_lecture_nado.tlog\link.7032-rc.write.1.tlog
e:\sourcecode\c\c_lecture_nado_solution\c_lecture_nado\debug\c_lecture_nado.tlog\link.7032.read.1.tlog
e:\sourcecode\c\c_lecture_nado_solution\c_lecture_nado\debug\c_lecture_nado.tlog\link.7032.write.1.tlog
e:\sourcecode\c\c_lecture_nado_solution\c_lecture_nado\debug\c_lecture_nado.tlog\link.command.1.tlog
e:\sourcecode\c\c_lecture_nado_solution\c_lecture_nado\debug\c_lecture_nado.tlog\link.read.1.tlog
e:\sourcecode\c\c_lecture_nado_solution\c_lecture_nado\debug\c_lecture_nado.tlog\link.write.1.tlog
